<?xml version="1.0" encoding="utf-8"?><testsuites name="pytest tests"><testsuite name="pytest" errors="0" failures="0" skipped="0" tests="9" time="8.129" timestamp="2026-06-04T06:10:58.827168+00:00" hostname="agent-env-0c694f3e-7148-4fa3-a504-ea4527e431b3"><testcase classname="test_iter8_latency_email" name="test_email_service_swallows_sendgrid_403" time="0.249" /><testcase classname="test_iter8_latency_email" name="test_latency_constants_exist" time="0.000" /><testcase classname="test_iter8_latency_email" name="test_challenge_endpoint_creates_tournament_non_blocking" time="1.102" /><testcase classname="test_iter8_latency_email" name="test_latency_post_participant_only" time="1.435" /><testcase classname="test_iter8_latency_email" name="test_latency_advantage_progression" time="1.614" /><testcase classname="test_iter8_latency_email" name="test_latency_advantage_requires_auth" time="0.895" /><testcase classname="test_iter8_latency_email" name="test_dispute_flow_populates_latency_advantage" time="1.374" /><testcase classname="test_iter8_latency_email" name="test_tournament_detail_exposes_latency_advantage_field" time="0.048" /><testcase classname="test_iter8_latency_email" name="test_evidence_upload_regression" time="1.318" /></testsuite></testsuites>