<?xml version="1.0" encoding="utf-8"?><testsuites name="pytest tests"><testsuite name="pytest" errors="0" failures="0" skipped="1" tests="39" time="15.337" timestamp="2026-06-13T23:29:04.484422+00:00" hostname="agent-env-999a73db-d2c3-4ec5-ad2e-dc08093e1e62"><testcase classname="test_iter11_refactor_regression.TestBoot" name="test_health_time" time="0.178" /><testcase classname="test_iter11_refactor_regression.TestAuth" name="test_register_new_user_with_welcome_bonus" time="0.325" /><testcase classname="test_iter11_refactor_regression.TestAuth" name="test_login_logout_me_cycle" time="0.492" /><testcase classname="test_iter11_refactor_regression.TestAuth" name="test_login_bruteforce_lockout" time="0.574" /><testcase classname="test_iter11_refactor_regression.TestProfile" name="test_update_and_get_profile" time="0.406" /><testcase classname="test_iter11_refactor_regression.TestProfile" name="test_public_profile_hides_wallet" time="0.474" /><testcase classname="test_iter11_refactor_regression.TestGames" name="test_list_games_unauth" time="0.102" /><testcase classname="test_iter11_refactor_regression.TestGames" name="test_games_categories" time="0.093" /><testcase classname="test_iter11_refactor_regression.TestGames" name="test_create_game_authed" time="0.044" /><testcase classname="test_iter11_refactor_regression.TestGames" name="test_game_leaderboard_404_invalid" time="0.045" /><testcase classname="test_iter11_refactor_regression.TestTournaments" name="test_create_tournament_requires_platform" time="0.149" /><testcase classname="test_iter11_refactor_regression.TestTournaments" name="test_create_list_and_mine" time="0.237" /><testcase classname="test_iter11_refactor_regression.TestChallenges" name="test_incoming_list" time="0.045" /><testcase classname="test_iter11_refactor_regression.TestWallet" name="test_transactions_list" time="0.043" /><testcase classname="test_iter11_refactor_regression.TestPrizes" name="test_prizes_catalog" time="0.061" /><testcase classname="test_iter11_refactor_regression.TestPrizes" name="test_seed_prizes_admin" time="0.371" /><testcase classname="test_iter11_refactor_regression.TestAdmin" name="test_disputes_admin_only" time="0.049" /><testcase classname="test_iter11_refactor_regression.TestAdmin" name="test_disputes_forbidden_for_user" time="0.047" /><testcase classname="test_iter11_refactor_regression.TestReferrals" name="test_invite_and_list" time="0.091" /><testcase classname="test_iter11_refactor_regression.TestCompetitions" name="test_competitions_list_authed" time="0.088" /><testcase classname="test_iter11_refactor_regression.TestHighlights" name="test_list_highlights_by_user" time="0.089" /><testcase classname="test_iter9_decline_refund.TestDeclineViaSignedToken" name="test_valid_token_declines_and_refunds_challenger" time="1.088" /><testcase classname="test_iter9_decline_refund.TestDeclineViaSignedToken" name="test_idempotent_second_click" time="1.073" /><testcase classname="test_iter9_decline_refund.TestDeclineViaSignedToken" name="test_invalid_token_returns_html_invalid" time="0.100" /><testcase classname="test_iter9_decline_refund.TestDeclineViaSignedToken" name="test_expired_token_returns_link_expired" time="0.782" /><testcase classname="test_iter9_decline_refund.TestDeclineViaSignedToken" name="test_wrong_uid_token_rejected" time="1.203" /><testcase classname="test_iter9_decline_refund.TestDeclineAuthenticated" name="test_invitee_can_decline_and_only_challenger_is_refunded" time="0.940" /><testcase classname="test_iter9_decline_refund.TestDeclineAuthenticated" name="test_challenger_cannot_decline_their_own_challenge" time="0.720" /><testcase classname="test_iter9_decline_refund.TestDeclineAuthenticated" name="test_decline_unknown_tournament_returns_404" time="0.362" /><testcase classname="test_iter9_decline_refund.TestDeclineAuthenticated" name="test_declined_challenge_disappears_from_incoming" time="0.854" /><testcase classname="test_iter9_decline_refund.TestDeclineAuthenticated" name="test_decline_after_match_started_does_not_refund" time="0.974" /><testcase classname="test_iter9_decline_refund.TestRegression" name="test_share_tournament_endpoint" time="0.783" /><testcase classname="test_iter9_decline_refund.TestRegression" name="test_highlights_post" time="0.368" /><testcase classname="test_iter10_health_and_game_leaderboard.TestHealthTime" name="test_health_time_unauthenticated" time="0.101" /><testcase classname="test_iter10_health_and_game_leaderboard.TestGameLeaderboard" name="test_leaderboard_valid_game" time="0.409" /><testcase classname="test_iter10_health_and_game_leaderboard.TestGameLeaderboard" name="test_leaderboard_invalid_game_id_404" time="0.046" /><testcase classname="test_iter10_health_and_game_leaderboard.TestGameLeaderboard" name="test_leaderboard_malformed_game_id_404" time="0.045" /><testcase classname="test_iter10_health_and_game_leaderboard.TestGameLeaderboard" name="test_leaderboard_requires_auth" time="0.100" /><testcase classname="test_iter10_health_and_game_leaderboard.TestGameLeaderboard" name="test_leaderboard_sorted_by_wins_desc" time="1.276"><skipped type="pytest.skip" message="No game has &gt;=2 leaderboard rows to verify sort">/app/backend/tests/test_iter10_health_and_game_leaderboard.py:103: No game has &gt;=2 leaderboard rows to verify sort</skipped></testcase></testsuite></testsuites>