<?xml version="1.0" encoding="utf-8"?><testsuites name="pytest tests"><testsuite name="pytest" errors="0" failures="0" skipped="1" tests="9" time="1.453" timestamp="2026-06-24T10:24:28.073881+00:00" hostname="agent-env-999a73db-d2c3-4ec5-ad2e-dc08093e1e62"><testcase classname="test_iter14_smoke_and_meta.TestAuthMeSmoke" name="test_admin_me" time="0.425" /><testcase classname="test_iter14_smoke_and_meta.TestAuthMeSmoke" name="test_user_me" time="0.388" /><testcase classname="test_iter14_smoke_and_meta.TestAdminAdsSmoke" name="test_admin_creates_ad" time="0.097" /><testcase classname="test_iter14_smoke_and_meta.TestAdminAdsSmoke" name="test_non_admin_cannot_create" time="0.054" /><testcase classname="test_iter14_smoke_and_meta.TestAdsAnalyticsSmoke" name="test_admin_analytics_default" time="0.045" /><testcase classname="test_iter14_smoke_and_meta.TestAdsAnalyticsSmoke" name="test_admin_analytics_invalid_days" time="0.082" /><testcase classname="test_iter14_smoke_and_meta.TestAdsAnalyticsSmoke" name="test_ad_manager_can_access_analytics" time="0.081"><skipped type="pytest.skip" message="admin/users not available">/app/backend/tests/test_iter14_smoke_and_meta.py:107: admin/users not available</skipped></testcase><testcase classname="test_iter14_smoke_and_meta.TestHealthTime" name="test_health_time" time="0.094" /><testcase classname="test_iter14_smoke_and_meta.TestSEOMeta" name="test_index_has_seo_meta" time="0.118" /></testsuite></testsuites>