<?xml version="1.0" encoding="utf-8"?><testsuites name="pytest tests"><testsuite name="pytest" errors="0" failures="0" skipped="1" tests="6" time="2.233" timestamp="2026-06-13T22:26:20.372843+00:00" hostname="agent-env-999a73db-d2c3-4ec5-ad2e-dc08093e1e62"><testcase classname="test_iter10_health_and_game_leaderboard.TestHealthTime" name="test_health_time_unauthenticated" time="0.260" /><testcase classname="test_iter10_health_and_game_leaderboard.TestGameLeaderboard" name="test_leaderboard_valid_game" time="0.431" /><testcase classname="test_iter10_health_and_game_leaderboard.TestGameLeaderboard" name="test_leaderboard_invalid_game_id_404" time="0.048" /><testcase classname="test_iter10_health_and_game_leaderboard.TestGameLeaderboard" name="test_leaderboard_malformed_game_id_404" time="0.055" /><testcase classname="test_iter10_health_and_game_leaderboard.TestGameLeaderboard" name="test_leaderboard_requires_auth" time="0.109" /><testcase classname="test_iter10_health_and_game_leaderboard.TestGameLeaderboard" name="test_leaderboard_sorted_by_wins_desc" time="1.261"><skipped type="pytest.skip" message="No game has &gt;=2 leaderboard rows to verify sort">/app/backend/tests/test_iter10_health_and_game_leaderboard.py:103: No game has &gt;=2 leaderboard rows to verify sort</skipped></testcase></testsuite></testsuites>