<?xml version="1.0" encoding="utf-8"?><testsuites name="pytest tests"><testsuite name="pytest" errors="0" failures="0" skipped="1" tests="18" time="11.565" timestamp="2026-06-13T23:25:23.190350+00:00" hostname="agent-env-999a73db-d2c3-4ec5-ad2e-dc08093e1e62"><testcase classname="test_iter9_decline_refund.TestDeclineViaSignedToken" name="test_valid_token_declines_and_refunds_challenger" time="1.164" /><testcase classname="test_iter9_decline_refund.TestDeclineViaSignedToken" name="test_idempotent_second_click" time="1.066" /><testcase classname="test_iter9_decline_refund.TestDeclineViaSignedToken" name="test_invalid_token_returns_html_invalid" time="0.094" /><testcase classname="test_iter9_decline_refund.TestDeclineViaSignedToken" name="test_expired_token_returns_link_expired" time="0.782" /><testcase classname="test_iter9_decline_refund.TestDeclineViaSignedToken" name="test_wrong_uid_token_rejected" time="1.261" /><testcase classname="test_iter9_decline_refund.TestDeclineAuthenticated" name="test_invitee_can_decline_and_only_challenger_is_refunded" time="0.954" /><testcase classname="test_iter9_decline_refund.TestDeclineAuthenticated" name="test_challenger_cannot_decline_their_own_challenge" time="0.771" /><testcase classname="test_iter9_decline_refund.TestDeclineAuthenticated" name="test_decline_unknown_tournament_returns_404" time="0.368" /><testcase classname="test_iter9_decline_refund.TestDeclineAuthenticated" name="test_declined_challenge_disappears_from_incoming" time="0.866" /><testcase classname="test_iter9_decline_refund.TestDeclineAuthenticated" name="test_decline_after_match_started_does_not_refund" time="0.973" /><testcase classname="test_iter9_decline_refund.TestRegression" name="test_share_tournament_endpoint" time="0.788" /><testcase classname="test_iter9_decline_refund.TestRegression" name="test_highlights_post" time="0.391" /><testcase classname="test_iter10_health_and_game_leaderboard.TestHealthTime" name="test_health_time_unauthenticated" time="0.094" /><testcase classname="test_iter10_health_and_game_leaderboard.TestGameLeaderboard" name="test_leaderboard_valid_game" time="0.413" /><testcase classname="test_iter10_health_and_game_leaderboard.TestGameLeaderboard" name="test_leaderboard_invalid_game_id_404" time="0.046" /><testcase classname="test_iter10_health_and_game_leaderboard.TestGameLeaderboard" name="test_leaderboard_malformed_game_id_404" time="0.047" /><testcase classname="test_iter10_health_and_game_leaderboard.TestGameLeaderboard" name="test_leaderboard_requires_auth" time="0.100" /><testcase classname="test_iter10_health_and_game_leaderboard.TestGameLeaderboard" name="test_leaderboard_sorted_by_wins_desc" time="1.298"><skipped type="pytest.skip" message="No game has &gt;=2 leaderboard rows to verify sort">/app/backend/tests/test_iter10_health_and_game_leaderboard.py:103: No game has &gt;=2 leaderboard rows to verify sort</skipped></testcase></testsuite></testsuites>