<?xml version="1.0" encoding="utf-8"?><testsuites name="pytest tests"><testsuite name="pytest" errors="0" failures="0" skipped="0" tests="13" time="2.125" timestamp="2026-06-23T08:42:01.205173+00:00" hostname="agent-env-999a73db-d2c3-4ec5-ad2e-dc08093e1e62"><testcase classname="test_iter13_ad_analytics.TestAdEventLogging" name="test_impression_increments_and_logs_event" time="0.899" /><testcase classname="test_iter13_ad_analytics.TestAdEventLogging" name="test_click_redirects_and_logs_event" time="0.199" /><testcase classname="test_iter13_ad_analytics.TestInactiveAdGuard" name="test_inactive_impression_no_increment_no_event" time="0.142" /><testcase classname="test_iter13_ad_analytics.TestAdsAnalyticsJSON" name="test_non_admin_403" time="0.047" /><testcase classname="test_iter13_ad_analytics.TestAdsAnalyticsJSON" name="test_admin_analytics_default_7d" time="0.050" /><testcase classname="test_iter13_ad_analytics.TestAdsAnalyticsJSON" name="test_invalid_days" time="0.098" /><testcase classname="test_iter13_ad_analytics.TestAdsAnalyticsJSON" name="test_ad_manager_can_access" time="0.150" /><testcase classname="test_iter13_ad_analytics.TestAdsAnalyticsCSV" name="test_non_admin_csv_403" time="0.044" /><testcase classname="test_iter13_ad_analytics.TestAdsAnalyticsCSV" name="test_admin_csv_export" time="0.079" /><testcase classname="test_iter13_ad_analytics.TestBackwardsCompat" name="test_rotation_still_works" time="0.043" /><testcase classname="test_iter13_ad_analytics.TestBackwardsCompat" name="test_admin_ads_list_still_works" time="0.049" /><testcase classname="test_iter13_ad_analytics.TestBackwardsCompat" name="test_admin_latency_dashboard_still_works" time="0.062" /><testcase classname="test_iter13_ad_analytics.TestBackwardsCompat" name="test_auth_me_still_includes_can_manage_ads" time="0.107" /></testsuite></testsuites>