<?xml version="1.0" encoding="utf-8"?><testsuites name="pytest tests"><testsuite name="pytest" errors="0" failures="2" skipped="0" tests="22" time="23.712" timestamp="2026-06-04T00:10:15.685516+00:00" hostname="agent-env-0c694f3e-7148-4fa3-a504-ea4527e431b3"><testcase classname="test_iter4_profiles_challenges.TestStaticLists" name="test_countries_list" time="0.476" /><testcase classname="test_iter4_profiles_challenges.TestStaticLists" name="test_platforms_list" time="0.407" /><testcase classname="test_iter4_profiles_challenges.TestProfileUpdate" name="test_update_full_profile_returns_public_profile" time="0.801" /><testcase classname="test_iter4_profiles_challenges.TestProfileUpdate" name="test_invalid_platform_returns_400" time="0.400" /><testcase classname="test_iter4_profiles_challenges.TestProfileUpdate" name="test_invalid_game_returns_400" time="0.381" /><testcase classname="test_iter4_profiles_challenges.TestProfileUpdate" name="test_stake_min_gt_max_returns_400" time="0.404" /><testcase classname="test_iter4_profiles_challenges.TestProfileFetch" name="test_get_my_profile" time="0.438" /><testcase classname="test_iter4_profiles_challenges.TestProfileFetch" name="test_get_other_user_profile_no_email_leak" time="0.848" /><testcase classname="test_iter4_profiles_challenges.TestProfileFetch" name="test_get_user_profile_invalid_id_returns_404" time="0.384" /><testcase classname="test_iter4_profiles_challenges.TestProfileFetch" name="test_get_user_profile_missing_returns_404" time="0.399" /><testcase classname="test_iter4_profiles_challenges.TestUserSearch" name="test_search_excludes_self_and_filters" time="2.013"><failure message="AssertionError: assert '6a20c26dcee20121ce6eab37' in ['6a174b3473e515b890052be1', '6a174d5acd8ac5bf1e51b951', '6a174d5acd8ac5bf1e51b952', '6a192bcb741f51511c671a6c', '6a192eab894968c45d7485f9', '6a192eab894968c45d7485fa', ...]">test_iter4_profiles_challenges.py:245: in test_search_excludes_self_and_filters
    assert ua["id"] in ids6
E   AssertionError: assert '6a20c26dcee20121ce6eab37' in ['6a174b3473e515b890052be1', '6a174d5acd8ac5bf1e51b951', '6a174d5acd8ac5bf1e51b952', '6a192bcb741f51511c671a6c', '6a192eab894968c45d7485f9', '6a192eab894968c45d7485fa', ...]</failure></testcase><testcase classname="test_iter4_profiles_challenges.TestUserSearch" name="test_search_online_only" time="2.639"><failure message="AssertionError: assert '6a20c26fcee20121ce6eab3d' in ['6a174b3473e515b890052be1', '6a192bcb741f51511c671a6c', '6a20c17d4c2de54944bea1d8', '6a20c17d4c2de54944bea1db', '6a20c17e4c2de54944bea1dd', '6a20c17e4c2de54944bea1df', ...]">test_iter4_profiles_challenges.py:273: in test_search_online_only
    assert u_on["id"] in ids
E   AssertionError: assert '6a20c26fcee20121ce6eab3d' in ['6a174b3473e515b890052be1', '6a192bcb741f51511c671a6c', '6a20c17d4c2de54944bea1d8', '6a20c17d4c2de54944bea1db', '6a20c17e4c2de54944bea1dd', '6a20c17e4c2de54944bea1df', ...]</failure></testcase><testcase classname="test_iter4_profiles_challenges.TestLastActiveAt" name="test_last_active_at_updates_on_auth_request" time="1.884" /><testcase classname="test_iter4_profiles_challenges.TestChallenges" name="test_create_challenge_success" time="1.264" /><testcase classname="test_iter4_profiles_challenges.TestChallenges" name="test_self_challenge_400" time="1.148" /><testcase classname="test_iter4_profiles_challenges.TestChallenges" name="test_zero_or_negative_stake_400" time="1.210" /><testcase classname="test_iter4_profiles_challenges.TestChallenges" name="test_missing_opponent_404" time="1.101" /><testcase classname="test_iter4_profiles_challenges.TestChallenges" name="test_missing_game_404" time="1.123" /><testcase classname="test_iter4_profiles_challenges.TestChallenges" name="test_insufficient_balance_400" time="1.241" /><testcase classname="test_iter4_profiles_challenges.TestChallenges" name="test_incoming_challenges_list" time="1.342" /><testcase classname="test_iter4_profiles_challenges.TestChallenges" name="test_private_tournament_join_invite_only" time="1.740" /><testcase classname="test_iter4_profiles_challenges.TestChallenges" name="test_private_hidden_from_public_listing" time="1.866" /></testsuite></testsuites>