<?xml version="1.0" encoding="utf-8"?><testsuites name="pytest tests"><testsuite name="pytest" errors="0" failures="0" skipped="2" tests="81" time="20.583" timestamp="2026-06-24T10:22:40.959037+00:00" hostname="agent-env-999a73db-d2c3-4ec5-ad2e-dc08093e1e62"><testcase classname="test_iter9_decline_refund.TestDeclineViaSignedToken" name="test_valid_token_declines_and_refunds_challenger" time="1.338" /><testcase classname="test_iter9_decline_refund.TestDeclineViaSignedToken" name="test_idempotent_second_click" time="1.074" /><testcase classname="test_iter9_decline_refund.TestDeclineViaSignedToken" name="test_invalid_token_returns_html_invalid" time="0.093" /><testcase classname="test_iter9_decline_refund.TestDeclineViaSignedToken" name="test_expired_token_returns_link_expired" time="0.789" /><testcase classname="test_iter9_decline_refund.TestDeclineViaSignedToken" name="test_wrong_uid_token_rejected" time="1.298" /><testcase classname="test_iter9_decline_refund.TestDeclineAuthenticated" name="test_invitee_can_decline_and_only_challenger_is_refunded" time="0.931" /><testcase classname="test_iter9_decline_refund.TestDeclineAuthenticated" name="test_challenger_cannot_decline_their_own_challenge" time="0.744" /><testcase classname="test_iter9_decline_refund.TestDeclineAuthenticated" name="test_decline_unknown_tournament_returns_404" time="0.423" /><testcase classname="test_iter9_decline_refund.TestDeclineAuthenticated" name="test_declined_challenge_disappears_from_incoming" time="0.934" /><testcase classname="test_iter9_decline_refund.TestDeclineAuthenticated" name="test_decline_after_match_started_does_not_refund" time="1.003" /><testcase classname="test_iter9_decline_refund.TestRegression" name="test_share_tournament_endpoint" time="0.774" /><testcase classname="test_iter9_decline_refund.TestRegression" name="test_highlights_post" time="0.377" /><testcase classname="test_iter10_health_and_game_leaderboard.TestHealthTime" name="test_health_time_unauthenticated" time="0.092" /><testcase classname="test_iter10_health_and_game_leaderboard.TestGameLeaderboard" name="test_leaderboard_valid_game" time="0.410" /><testcase classname="test_iter10_health_and_game_leaderboard.TestGameLeaderboard" name="test_leaderboard_invalid_game_id_404" time="0.043" /><testcase classname="test_iter10_health_and_game_leaderboard.TestGameLeaderboard" name="test_leaderboard_malformed_game_id_404" time="0.043" /><testcase classname="test_iter10_health_and_game_leaderboard.TestGameLeaderboard" name="test_leaderboard_requires_auth" time="0.131" /><testcase classname="test_iter10_health_and_game_leaderboard.TestGameLeaderboard" name="test_leaderboard_sorted_by_wins_desc" time="1.243"><skipped type="pytest.skip" message="No game has &gt;=2 leaderboard rows to verify sort">/app/backend/tests/test_iter10_health_and_game_leaderboard.py:103: No game has &gt;=2 leaderboard rows to verify sort</skipped></testcase><testcase classname="test_iter11_refactor_regression.TestBoot" name="test_health_time" time="0.113" /><testcase classname="test_iter11_refactor_regression.TestAuth" name="test_register_new_user_with_welcome_bonus" time="0.337" /><testcase classname="test_iter11_refactor_regression.TestAuth" name="test_login_logout_me_cycle" time="0.472" /><testcase classname="test_iter11_refactor_regression.TestAuth" name="test_login_bruteforce_lockout" time="0.604" /><testcase classname="test_iter11_refactor_regression.TestProfile" name="test_update_and_get_profile" time="0.408" /><testcase classname="test_iter11_refactor_regression.TestProfile" name="test_public_profile_hides_wallet" time="0.456" /><testcase classname="test_iter11_refactor_regression.TestGames" name="test_list_games_unauth" time="0.101" /><testcase classname="test_iter11_refactor_regression.TestGames" name="test_games_categories" time="0.094" /><testcase classname="test_iter11_refactor_regression.TestGames" name="test_create_game_authed" time="0.045" /><testcase classname="test_iter11_refactor_regression.TestGames" name="test_game_leaderboard_404_invalid" time="0.044" /><testcase classname="test_iter11_refactor_regression.TestTournaments" name="test_create_tournament_requires_platform" time="0.144" /><testcase classname="test_iter11_refactor_regression.TestTournaments" name="test_create_list_and_mine" time="0.258" /><testcase classname="test_iter11_refactor_regression.TestChallenges" name="test_incoming_list" time="0.050" /><testcase classname="test_iter11_refactor_regression.TestWallet" name="test_transactions_list" time="0.047" /><testcase classname="test_iter11_refactor_regression.TestPrizes" name="test_prizes_catalog" time="0.065" /><testcase classname="test_iter11_refactor_regression.TestPrizes" name="test_seed_prizes_admin" time="0.364" /><testcase classname="test_iter11_refactor_regression.TestAdmin" name="test_disputes_admin_only" time="0.045" /><testcase classname="test_iter11_refactor_regression.TestAdmin" name="test_disputes_forbidden_for_user" time="0.046" /><testcase classname="test_iter11_refactor_regression.TestReferrals" name="test_invite_and_list" time="0.094" /><testcase classname="test_iter11_refactor_regression.TestCompetitions" name="test_competitions_list_authed" time="0.090" /><testcase classname="test_iter11_refactor_regression.TestHighlights" name="test_list_highlights_by_user" time="0.099" /><testcase classname="test_iter12_ads_latency.TestAuthMe" name="test_admin_me_includes_can_manage_ads" time="0.372" /><testcase classname="test_iter12_ads_latency.TestAuthMe" name="test_user_me_default_false" time="0.359" /><testcase classname="test_iter12_ads_latency.TestAdminAdsCRUD" name="test_non_admin_cannot_create" time="0.044" /><testcase classname="test_iter12_ads_latency.TestAdminAdsCRUD" name="test_admin_create_ad" time="0.049" /><testcase classname="test_iter12_ads_latency.TestAdminAdsCRUD" name="test_admin_list_filter" time="0.046" /><testcase classname="test_iter12_ads_latency.TestAdminAdsCRUD" name="test_admin_list_case_insensitive" time="0.053" /><testcase classname="test_iter12_ads_latency.TestAdminAdsCRUD" name="test_admin_patch_ad" time="0.045" /><testcase classname="test_iter12_ads_latency.TestAdminAdsCRUD" name="test_rotation_excludes_inactive" time="0.045" /><testcase classname="test_iter12_ads_latency.TestAdminAdsCRUD" name="test_reactivate_and_rotation_includes" time="0.092" /><testcase classname="test_iter12_ads_latency.TestAdminAdsCRUD" name="test_click_redirects_and_increments" time="0.155" /><testcase classname="test_iter12_ads_latency.TestAdminAdsCRUD" name="test_impression_increments" time="0.130" /><testcase classname="test_iter12_ads_latency.TestAdminAdsCRUD" name="test_admin_delete" time="0.090" /><testcase classname="test_iter12_ads_latency.TestAdManager" name="test_non_admin_cannot_list_managers" time="0.044" /><testcase classname="test_iter12_ads_latency.TestAdManager" name="test_non_admin_cannot_grant" time="0.060" /><testcase classname="test_iter12_ads_latency.TestAdManager" name="test_admin_grants_and_user_can_manage_ads" time="0.178" /><testcase classname="test_iter12_ads_latency.TestAdManager" name="test_admin_list_includes_promoted" time="0.044" /><testcase classname="test_iter12_ads_latency.TestAdManager" name="test_ad_manager_cannot_access_disputes_or_user_admin" time="0.135" /><testcase classname="test_iter12_ads_latency.TestAdManager" name="test_admin_revoke" time="0.090" /><testcase classname="test_iter12_ads_latency.TestAdminLatency" name="test_non_admin_dashboard_403" time="0.044" /><testcase classname="test_iter12_ads_latency.TestAdminLatency" name="test_admin_dashboard" time="0.056" /><testcase classname="test_iter12_ads_latency.TestAdminLatency" name="test_dashboard_search_filter" time="0.047" /><testcase classname="test_iter12_ads_latency.TestAdminLatency" name="test_tournament_404_for_bad_id" time="0.050" /><testcase classname="test_iter12_ads_latency.TestAdminLatency" name="test_tournament_404_for_invalid_objectid" time="0.043" /><testcase classname="test_iter12_ads_latency.TestAdminLatency" name="test_non_admin_tournament_graph_403" time="0.050" /><testcase classname="test_iter12_ads_latency.TestAdminLatency" name="test_existing_tournament_graph_has_series_structure" time="0.051" /><testcase classname="test_iter12_ads_latency.TestLatencyPersistExpires" name="test_post_latency_sets_expires_at" time="0.001"><skipped type="pytest.skip" message="davidjovanic not in any tournament with latency endpoint accessible">/app/backend/tests/test_iter12_ads_latency.py:315: davidjovanic not in any tournament with latency endpoint accessible</skipped></testcase><testcase classname="test_iter12_ads_latency.TestLatencyPersistExpires" name="test_extend_retention_validates_days" time="0.092" /><testcase classname="test_iter12_ads_latency.TestLatencyPersistExpires" name="test_extend_retention_updates" time="0.047" /><testcase classname="test_iter12_ads_latency.TestLatencyPersistExpires" name="test_non_admin_cannot_extend" time="0.048" /><testcase classname="test_iter13_ad_analytics.TestAdEventLogging" name="test_impression_increments_and_logs_event" time="0.825" /><testcase classname="test_iter13_ad_analytics.TestAdEventLogging" name="test_click_redirects_and_logs_event" time="0.184" /><testcase classname="test_iter13_ad_analytics.TestInactiveAdGuard" name="test_inactive_impression_no_increment_no_event" time="0.141" /><testcase classname="test_iter13_ad_analytics.TestAdsAnalyticsJSON" name="test_non_admin_403" time="0.049" /><testcase classname="test_iter13_ad_analytics.TestAdsAnalyticsJSON" name="test_admin_analytics_default_7d" time="0.046" /><testcase classname="test_iter13_ad_analytics.TestAdsAnalyticsJSON" name="test_invalid_days" time="0.127" /><testcase classname="test_iter13_ad_analytics.TestAdsAnalyticsJSON" name="test_ad_manager_can_access" time="0.179" /><testcase classname="test_iter13_ad_analytics.TestAdsAnalyticsCSV" name="test_non_admin_csv_403" time="0.094" /><testcase classname="test_iter13_ad_analytics.TestAdsAnalyticsCSV" name="test_admin_csv_export" time="0.050" /><testcase classname="test_iter13_ad_analytics.TestBackwardsCompat" name="test_rotation_still_works" time="0.046" /><testcase classname="test_iter13_ad_analytics.TestBackwardsCompat" name="test_admin_ads_list_still_works" time="0.044" /><testcase classname="test_iter13_ad_analytics.TestBackwardsCompat" name="test_admin_latency_dashboard_still_works" time="0.064" /><testcase classname="test_iter13_ad_analytics.TestBackwardsCompat" name="test_auth_me_still_includes_can_manage_ads" time="0.089" /></testsuite></testsuites>