<?xml version="1.0" encoding="utf-8"?><testsuites name="pytest tests"><testsuite name="pytest" errors="0" failures="2" skipped="0" tests="22" time="23.232" timestamp="2026-06-04T00:06:19.731807+00:00" hostname="agent-env-0c694f3e-7148-4fa3-a504-ea4527e431b3"><testcase classname="test_iter4_profiles_challenges.TestStaticLists" name="test_countries_list" time="0.493" /><testcase classname="test_iter4_profiles_challenges.TestStaticLists" name="test_platforms_list" time="0.390" /><testcase classname="test_iter4_profiles_challenges.TestProfileUpdate" name="test_update_full_profile_returns_public_profile" time="0.838" /><testcase classname="test_iter4_profiles_challenges.TestProfileUpdate" name="test_invalid_platform_returns_400" time="0.403" /><testcase classname="test_iter4_profiles_challenges.TestProfileUpdate" name="test_invalid_game_returns_400" time="0.378" /><testcase classname="test_iter4_profiles_challenges.TestProfileUpdate" name="test_stake_min_gt_max_returns_400" time="0.376" /><testcase classname="test_iter4_profiles_challenges.TestProfileFetch" name="test_get_my_profile" time="0.421" /><testcase classname="test_iter4_profiles_challenges.TestProfileFetch" name="test_get_other_user_profile_no_email_leak" time="0.755" /><testcase classname="test_iter4_profiles_challenges.TestProfileFetch" name="test_get_user_profile_invalid_id_returns_404" time="0.383" /><testcase classname="test_iter4_profiles_challenges.TestProfileFetch" name="test_get_user_profile_missing_returns_404" time="0.397" /><testcase classname="test_iter4_profiles_challenges.TestUserSearch" name="test_search_excludes_self_and_filters" time="1.826"><failure message="AssertionError: {&quot;detail&quot;:&quot;User not found&quot;}&#10;assert 404 == 200&#10; +  where 404 = &lt;Response [404]&gt;.status_code">backend/tests/test_iter4_profiles_challenges.py:213: in test_search_excludes_self_and_filters
    assert r.status_code == 200, r.text
E   AssertionError: {"detail":"User not found"}
E   assert 404 == 200
E    +  where 404 = &lt;Response [404]&gt;.status_code</failure></testcase><testcase classname="test_iter4_profiles_challenges.TestUserSearch" name="test_search_online_only" time="2.706"><failure message="AssertionError: {&quot;detail&quot;:&quot;User not found&quot;}&#10;assert 404 == 200&#10; +  where 404 = &lt;Response [404]&gt;.status_code">backend/tests/test_iter4_profiles_challenges.py:271: in test_search_online_only
    assert r.status_code == 200, r.text
E   AssertionError: {"detail":"User not found"}
E   assert 404 == 200
E    +  where 404 = &lt;Response [404]&gt;.status_code</failure></testcase><testcase classname="test_iter4_profiles_challenges.TestLastActiveAt" name="test_last_active_at_updates_on_auth_request" time="1.879" /><testcase classname="test_iter4_profiles_challenges.TestChallenges" name="test_create_challenge_success" time="1.218" /><testcase classname="test_iter4_profiles_challenges.TestChallenges" name="test_self_challenge_400" time="1.166" /><testcase classname="test_iter4_profiles_challenges.TestChallenges" name="test_zero_or_negative_stake_400" time="1.170" /><testcase classname="test_iter4_profiles_challenges.TestChallenges" name="test_missing_opponent_404" time="1.147" /><testcase classname="test_iter4_profiles_challenges.TestChallenges" name="test_missing_game_404" time="1.131" /><testcase classname="test_iter4_profiles_challenges.TestChallenges" name="test_insufficient_balance_400" time="1.204" /><testcase classname="test_iter4_profiles_challenges.TestChallenges" name="test_incoming_challenges_list" time="1.279" /><testcase classname="test_iter4_profiles_challenges.TestChallenges" name="test_private_tournament_join_invite_only" time="1.729" /><testcase classname="test_iter4_profiles_challenges.TestChallenges" name="test_private_hidden_from_public_listing" time="1.722" /></testsuite></testsuites>