<?xml version="1.0" encoding="utf-8"?><testsuites name="pytest tests"><testsuite name="pytest" errors="0" failures="0" skipped="0" tests="12" time="5.200" timestamp="2026-06-04T05:36:36.352183+00:00" hostname="agent-env-0c694f3e-7148-4fa3-a504-ea4527e431b3"><testcase classname="test_highlights_share.TestHighlightUpload" name="test_upload_valid_mp4" time="0.785" /><testcase classname="test_highlights_share.TestHighlightUpload" name="test_list_user_highlights" time="0.062" /><testcase classname="test_highlights_share.TestHighlightUpload" name="test_get_highlight_increments_view" time="0.221" /><testcase classname="test_highlights_share.TestHighlightUpload" name="test_stream_returns_video_bytes" time="0.212" /><testcase classname="test_highlights_share.TestHighlightUpload" name="test_reject_non_video_content_type" time="0.057" /><testcase classname="test_highlights_share.TestHighlightUpload" name="test_reject_empty_title" time="0.055" /><testcase classname="test_highlights_share.TestHighlightUpload" name="test_reject_oversize_file" time="1.912" /><testcase classname="test_highlights_share.TestHighlightDelete" name="test_owner_can_delete" time="0.792" /><testcase classname="test_highlights_share.TestShareCard" name="test_share_card_meta_tags" time="0.563" /><testcase classname="test_highlights_share.TestShareCard" name="test_share_card_with_reel_adds_video_meta" time="0.197" /><testcase classname="test_highlights_share.TestShareCard" name="test_share_card_invalid_tournament_404" time="0.113" /><testcase classname="test_highlights_share.TestEvidenceRegression" name="test_evidence_upload_image_still_works" time="0.138" /></testsuite></testsuites>