<?xml version="1.0" encoding="utf-8"?><testsuites name="pytest tests"><testsuite name="pytest" errors="0" failures="0" skipped="1" tests="29" time="2.802" timestamp="2026-06-22T07:07:06.460098+00:00" hostname="agent-env-999a73db-d2c3-4ec5-ad2e-dc08093e1e62"><testcase classname="test_iter12_ads_latency.TestAuthMe" name="test_admin_me_includes_can_manage_ads" time="0.456" /><testcase classname="test_iter12_ads_latency.TestAuthMe" name="test_user_me_default_false" time="0.423" /><testcase classname="test_iter12_ads_latency.TestAdminAdsCRUD" name="test_non_admin_cannot_create" time="0.044" /><testcase classname="test_iter12_ads_latency.TestAdminAdsCRUD" name="test_admin_create_ad" time="0.048" /><testcase classname="test_iter12_ads_latency.TestAdminAdsCRUD" name="test_admin_list_filter" time="0.047" /><testcase classname="test_iter12_ads_latency.TestAdminAdsCRUD" name="test_admin_list_case_insensitive" time="0.047" /><testcase classname="test_iter12_ads_latency.TestAdminAdsCRUD" name="test_admin_patch_ad" time="0.048" /><testcase classname="test_iter12_ads_latency.TestAdminAdsCRUD" name="test_rotation_excludes_inactive" time="0.045" /><testcase classname="test_iter12_ads_latency.TestAdminAdsCRUD" name="test_reactivate_and_rotation_includes" time="0.099" /><testcase classname="test_iter12_ads_latency.TestAdminAdsCRUD" name="test_click_redirects_and_increments" time="0.147" /><testcase classname="test_iter12_ads_latency.TestAdminAdsCRUD" name="test_impression_increments" time="0.094" /><testcase classname="test_iter12_ads_latency.TestAdminAdsCRUD" name="test_admin_delete" time="0.093" /><testcase classname="test_iter12_ads_latency.TestAdManager" name="test_non_admin_cannot_list_managers" time="0.044" /><testcase classname="test_iter12_ads_latency.TestAdManager" name="test_non_admin_cannot_grant" time="0.050" /><testcase classname="test_iter12_ads_latency.TestAdManager" name="test_admin_grants_and_user_can_manage_ads" time="0.183" /><testcase classname="test_iter12_ads_latency.TestAdManager" name="test_admin_list_includes_promoted" time="0.045" /><testcase classname="test_iter12_ads_latency.TestAdManager" name="test_ad_manager_cannot_access_disputes_or_user_admin" time="0.130" /><testcase classname="test_iter12_ads_latency.TestAdManager" name="test_admin_revoke" time="0.087" /><testcase classname="test_iter12_ads_latency.TestAdminLatency" name="test_non_admin_dashboard_403" time="0.044" /><testcase classname="test_iter12_ads_latency.TestAdminLatency" name="test_admin_dashboard" time="0.049" /><testcase classname="test_iter12_ads_latency.TestAdminLatency" name="test_dashboard_search_filter" time="0.049" /><testcase classname="test_iter12_ads_latency.TestAdminLatency" name="test_tournament_404_for_bad_id" time="0.047" /><testcase classname="test_iter12_ads_latency.TestAdminLatency" name="test_tournament_404_for_invalid_objectid" time="0.046" /><testcase classname="test_iter12_ads_latency.TestAdminLatency" name="test_non_admin_tournament_graph_403" time="0.044" /><testcase classname="test_iter12_ads_latency.TestAdminLatency" name="test_existing_tournament_graph_has_series_structure" time="0.049" /><testcase classname="test_iter12_ads_latency.TestLatencyPersistExpires" name="test_post_latency_sets_expires_at" time="0.001"><skipped type="pytest.skip" message="davidjovanic not in any tournament with latency endpoint accessible">/app/backend/tests/test_iter12_ads_latency.py:315: davidjovanic not in any tournament with latency endpoint accessible</skipped></testcase><testcase classname="test_iter12_ads_latency.TestLatencyPersistExpires" name="test_extend_retention_validates_days" time="0.092" /><testcase classname="test_iter12_ads_latency.TestLatencyPersistExpires" name="test_extend_retention_updates" time="0.048" /><testcase classname="test_iter12_ads_latency.TestLatencyPersistExpires" name="test_non_admin_cannot_extend" time="0.047" /></testsuite></testsuites>