<?xml version="1.0" encoding="utf-8"?><testsuites name="pytest tests"><testsuite name="pytest" errors="0" failures="0" skipped="0" tests="12" time="12.210" timestamp="2026-06-04T06:27:28.146663+00:00" hostname="agent-env-0c694f3e-7148-4fa3-a504-ea4527e431b3"><testcase classname="test_iter9_decline_refund.TestDeclineViaSignedToken" name="test_valid_token_declines_and_refunds_challenger" time="1.205" /><testcase classname="test_iter9_decline_refund.TestDeclineViaSignedToken" name="test_idempotent_second_click" time="2.108" /><testcase classname="test_iter9_decline_refund.TestDeclineViaSignedToken" name="test_invalid_token_returns_html_invalid" time="0.091" /><testcase classname="test_iter9_decline_refund.TestDeclineViaSignedToken" name="test_expired_token_returns_link_expired" time="0.782" /><testcase classname="test_iter9_decline_refund.TestDeclineViaSignedToken" name="test_wrong_uid_token_rejected" time="2.697" /><testcase classname="test_iter9_decline_refund.TestDeclineAuthenticated" name="test_invitee_can_decline_and_only_challenger_is_refunded" time="0.937" /><testcase classname="test_iter9_decline_refund.TestDeclineAuthenticated" name="test_challenger_cannot_decline_their_own_challenge" time="0.752" /><testcase classname="test_iter9_decline_refund.TestDeclineAuthenticated" name="test_decline_unknown_tournament_returns_404" time="0.377" /><testcase classname="test_iter9_decline_refund.TestDeclineAuthenticated" name="test_declined_challenge_disappears_from_incoming" time="0.863" /><testcase classname="test_iter9_decline_refund.TestDeclineAuthenticated" name="test_decline_after_match_started_does_not_refund" time="1.078" /><testcase classname="test_iter9_decline_refund.TestRegression" name="test_share_tournament_endpoint" time="0.837" /><testcase classname="test_iter9_decline_refund.TestRegression" name="test_highlights_post" time="0.376" /></testsuite></testsuites>