<?xml version="1.0" encoding="utf-8"?><testsuites name="pytest tests"><testsuite name="pytest" errors="0" failures="0" skipped="0" tests="42" time="26.593" timestamp="2026-06-04T00:11:50.044343+00:00" hostname="agent-env-0c694f3e-7148-4fa3-a504-ea4527e431b3"><testcase classname="backend_test" name="test_register_and_me" time="1.177" /><testcase classname="backend_test" name="test_unauth_protected" time="0.128" /><testcase classname="backend_test" name="test_login_invalid" time="0.109" /><testcase classname="backend_test" name="test_login_admin" time="0.350" /><testcase classname="backend_test" name="test_create_game_and_list" time="0.104" /><testcase classname="backend_test" name="test_tournament_stake_zero_rejected" time="0.047" /><testcase classname="backend_test" name="test_tournament_stake_negative_rejected" time="0.048" /><testcase classname="backend_test" name="test_create_tournament_success" time="0.056" /><testcase classname="backend_test" name="test_list_tournaments" time="0.075" /><testcase classname="backend_test" name="test_list_tournaments_filtered" time="0.052" /><testcase classname="backend_test" name="test_join_tournament" time="0.051" /><testcase classname="backend_test" name="test_join_tournament_duplicate" time="0.047" /><testcase classname="backend_test" name="test_tournament_details" time="0.059" /><testcase classname="backend_test" name="test_chat_non_participant_forbidden" time="0.059" /><testcase classname="backend_test" name="test_chat_participants_can_post" time="0.152" /><testcase classname="backend_test" name="test_complete_winner_must_be_participant" time="0.052" /><testcase classname="backend_test" name="test_only_creator_can_complete" time="0.055" /><testcase classname="backend_test" name="test_complete_tournament_success" time="0.149" /><testcase classname="backend_test" name="test_complete_already_completed" time="0.050" /><testcase classname="backend_test" name="test_leaderboard" time="0.120" /><testcase classname="backend_test" name="test_wallet_deposit_stripe" time="0.615" /><testcase classname="backend_test" name="test_wallet_status_pending" time="0.265" /><testcase classname="backend_test" name="test_wallet_deposit_invalid" time="0.050" /><testcase classname="backend_test" name="test_wallet_transactions_endpoint" time="0.057" /><testcase classname="test_new_features.TestWelcomeBonusAndRole" name="test_new_user_gets_welcome_bonus_and_role_null" time="0.424" /><testcase classname="test_new_features.TestWelcomeBonusAndRole" name="test_admin_login_has_admin_role" time="0.384" /><testcase classname="test_new_features.TestDailyBonus" name="test_can_claim_then_blocks" time="0.539" /><testcase classname="test_new_features.TestStateMachineAndSubmitResult" name="test_auto_start_on_full" time="0.994" /><testcase classname="test_new_features.TestStateMachineAndSubmitResult" name="test_submit_result_only_participant" time="1.345" /><testcase classname="test_new_features.TestStateMachineAndSubmitResult" name="test_submit_result_winner_must_be_participant" time="1.413" /><testcase classname="test_new_features.TestStateMachineAndSubmitResult" name="test_pending_confirmation_after_first_submit" time="0.998" /><testcase classname="test_new_features.TestStateMachineAndSubmitResult" name="test_agreement_auto_payout" time="1.282" /><testcase classname="test_new_features.TestStateMachineAndSubmitResult" name="test_disagreement_creates_dispute" time="1.137" /><testcase classname="test_new_features.TestStateMachineAndSubmitResult" name="test_admin_resolves_dispute" time="1.666" /><testcase classname="test_new_features.TestEvidence" name="test_upload_list_download" time="1.422" /><testcase classname="test_new_features.TestEvidence" name="test_upload_non_participant_forbidden" time="1.389" /><testcase classname="test_new_features.TestEvidence" name="test_upload_invalid_type_rejected" time="1.057" /><testcase classname="test_new_features.TestLatencyHTTP" name="test_record_and_get_stats" time="1.278" /><testcase classname="test_new_features.TestLatencyHTTP" name="test_record_latency_non_participant" time="1.549" /><testcase classname="test_new_features.TestLatencyWebSocket" name="test_ws_ping_pong_and_report" time="2.797" /><testcase classname="test_new_features.TestLatencyWebSocket" name="test_ws_rejects_non_participant" time="1.470" /><testcase classname="test_new_features.TestLatencyWebSocket" name="test_ws_rejects_bad_token" time="1.345" /></testsuite></testsuites>