<?xml version="1.0" encoding="utf-8"?><testsuites name="pytest tests"><testsuite name="pytest" errors="0" failures="3" skipped="0" tests="18" time="20.979" timestamp="2026-06-03T07:32:47.034079+00:00" hostname="agent-env-0c694f3e-7148-4fa3-a504-ea4527e431b3"><testcase classname="test_new_features.TestWelcomeBonusAndRole" name="test_new_user_gets_welcome_bonus_and_role_null" time="0.596" /><testcase classname="test_new_features.TestWelcomeBonusAndRole" name="test_admin_login_has_admin_role" time="0.406" /><testcase classname="test_new_features.TestDailyBonus" name="test_can_claim_then_blocks" time="0.529" /><testcase classname="test_new_features.TestStateMachineAndSubmitResult" name="test_auto_start_on_full" time="0.994" /><testcase classname="test_new_features.TestStateMachineAndSubmitResult" name="test_submit_result_only_participant" time="1.396" /><testcase classname="test_new_features.TestStateMachineAndSubmitResult" name="test_submit_result_winner_must_be_participant" time="1.266" /><testcase classname="test_new_features.TestStateMachineAndSubmitResult" name="test_pending_confirmation_after_first_submit" time="1.003" /><testcase classname="test_new_features.TestStateMachineAndSubmitResult" name="test_agreement_auto_payout" time="1.136" /><testcase classname="test_new_features.TestStateMachineAndSubmitResult" name="test_disagreement_creates_dispute" time="1.034" /><testcase classname="test_new_features.TestStateMachineAndSubmitResult" name="test_admin_resolves_dispute" time="1.611" /><testcase classname="test_new_features.TestEvidence" name="test_upload_list_download" time="0.991"><failure message="AssertionError: {&quot;detail&quot;:[{&quot;type&quot;:&quot;missing&quot;,&quot;loc&quot;:[&quot;body&quot;,&quot;file&quot;],&quot;msg&quot;:&quot;Field required&quot;,&quot;input&quot;:null,&quot;url&quot;:&quot;https://errors.pydantic.dev/2.13/v/missing&quot;}]}&#10;assert 422 == 200&#10; +  where 422 = &lt;Response [422]&gt;.status_code">test_new_features.py:229: in test_upload_list_download
    assert r.status_code == 200, r.text
E   AssertionError: {"detail":[{"type":"missing","loc":["body","file"],"msg":"Field required","input":null,"url":"https://errors.pydantic.dev/2.13/v/missing"}]}
E   assert 422 == 200
E    +  where 422 = &lt;Response [422]&gt;.status_code</failure></testcase><testcase classname="test_new_features.TestEvidence" name="test_upload_non_participant_forbidden" time="1.239"><failure message="AssertionError: {&quot;detail&quot;:[{&quot;type&quot;:&quot;missing&quot;,&quot;loc&quot;:[&quot;body&quot;,&quot;file&quot;],&quot;msg&quot;:&quot;Field required&quot;,&quot;input&quot;:null,&quot;url&quot;:&quot;https://errors.pydantic.dev/2.13/v/missing&quot;}]}&#10;assert 422 == 403&#10; +  where 422 = &lt;Response [422]&gt;.status_code">test_new_features.py:252: in test_upload_non_participant_forbidden
    assert r.status_code == 403, r.text
E   AssertionError: {"detail":[{"type":"missing","loc":["body","file"],"msg":"Field required","input":null,"url":"https://errors.pydantic.dev/2.13/v/missing"}]}
E   assert 422 == 403
E    +  where 422 = &lt;Response [422]&gt;.status_code</failure></testcase><testcase classname="test_new_features.TestEvidence" name="test_upload_invalid_type_rejected" time="0.959"><failure message="AssertionError: {&quot;detail&quot;:[{&quot;type&quot;:&quot;missing&quot;,&quot;loc&quot;:[&quot;body&quot;,&quot;file&quot;],&quot;msg&quot;:&quot;Field required&quot;,&quot;input&quot;:null,&quot;url&quot;:&quot;https://errors.pydantic.dev/2.13/v/missing&quot;}]}&#10;assert 422 == 400&#10; +  where 422 = &lt;Response [422]&gt;.status_code">test_new_features.py:261: in test_upload_invalid_type_rejected
    assert r.status_code == 400, r.text
E   AssertionError: {"detail":[{"type":"missing","loc":["body","file"],"msg":"Field required","input":null,"url":"https://errors.pydantic.dev/2.13/v/missing"}]}
E   assert 422 == 400
E    +  where 422 = &lt;Response [422]&gt;.status_code</failure></testcase><testcase classname="test_new_features.TestLatencyHTTP" name="test_record_and_get_stats" time="1.141" /><testcase classname="test_new_features.TestLatencyHTTP" name="test_record_latency_non_participant" time="1.273" /><testcase classname="test_new_features.TestLatencyWebSocket" name="test_ws_ping_pong_and_report" time="2.673" /><testcase classname="test_new_features.TestLatencyWebSocket" name="test_ws_rejects_non_participant" time="1.391" /><testcase classname="test_new_features.TestLatencyWebSocket" name="test_ws_rejects_bad_token" time="1.074" /></testsuite></testsuites>