<?xml version="1.0" encoding="utf-8"?><testsuites name="pytest tests"><testsuite name="pytest" errors="0" failures="0" skipped="0" tests="42" time="25.055" timestamp="2026-06-03T07:33:45.349705+00:00" hostname="agent-env-0c694f3e-7148-4fa3-a504-ea4527e431b3"><testcase classname="backend_test" name="test_register_and_me" time="1.033" /><testcase classname="backend_test" name="test_unauth_protected" time="0.097" /><testcase classname="backend_test" name="test_login_invalid" time="0.118" /><testcase classname="backend_test" name="test_login_admin" time="0.321" /><testcase classname="backend_test" name="test_create_game_and_list" time="0.091" /><testcase classname="backend_test" name="test_tournament_stake_zero_rejected" time="0.044" /><testcase classname="backend_test" name="test_tournament_stake_negative_rejected" time="0.048" /><testcase classname="backend_test" name="test_create_tournament_success" time="0.047" /><testcase classname="backend_test" name="test_list_tournaments" time="0.052" /><testcase classname="backend_test" name="test_list_tournaments_filtered" time="0.044" /><testcase classname="backend_test" name="test_join_tournament" time="0.048" /><testcase classname="backend_test" name="test_join_tournament_duplicate" time="0.044" /><testcase classname="backend_test" name="test_tournament_details" time="0.052" /><testcase classname="backend_test" name="test_chat_non_participant_forbidden" time="0.046" /><testcase classname="backend_test" name="test_chat_participants_can_post" time="0.139" /><testcase classname="backend_test" name="test_complete_winner_must_be_participant" time="0.045" /><testcase classname="backend_test" name="test_only_creator_can_complete" time="0.043" /><testcase classname="backend_test" name="test_complete_tournament_success" time="0.134" /><testcase classname="backend_test" name="test_complete_already_completed" time="0.046" /><testcase classname="backend_test" name="test_leaderboard" time="0.101" /><testcase classname="backend_test" name="test_wallet_deposit_stripe" time="0.911" /><testcase classname="backend_test" name="test_wallet_status_pending" time="0.307" /><testcase classname="backend_test" name="test_wallet_deposit_invalid" time="0.045" /><testcase classname="backend_test" name="test_wallet_transactions_endpoint" time="0.047" /><testcase classname="test_new_features.TestWelcomeBonusAndRole" name="test_new_user_gets_welcome_bonus_and_role_null" time="0.425" /><testcase classname="test_new_features.TestWelcomeBonusAndRole" name="test_admin_login_has_admin_role" time="0.383" /><testcase classname="test_new_features.TestDailyBonus" name="test_can_claim_then_blocks" time="0.501" /><testcase classname="test_new_features.TestStateMachineAndSubmitResult" name="test_auto_start_on_full" time="0.938" /><testcase classname="test_new_features.TestStateMachineAndSubmitResult" name="test_submit_result_only_participant" time="1.261" /><testcase classname="test_new_features.TestStateMachineAndSubmitResult" name="test_submit_result_winner_must_be_participant" time="1.265" /><testcase classname="test_new_features.TestStateMachineAndSubmitResult" name="test_pending_confirmation_after_first_submit" time="0.963" /><testcase classname="test_new_features.TestStateMachineAndSubmitResult" name="test_agreement_auto_payout" time="1.173" /><testcase classname="test_new_features.TestStateMachineAndSubmitResult" name="test_disagreement_creates_dispute" time="1.048" /><testcase classname="test_new_features.TestStateMachineAndSubmitResult" name="test_admin_resolves_dispute" time="1.506" /><testcase classname="test_new_features.TestEvidence" name="test_upload_list_download" time="1.485" /><testcase classname="test_new_features.TestEvidence" name="test_upload_non_participant_forbidden" time="1.335" /><testcase classname="test_new_features.TestEvidence" name="test_upload_invalid_type_rejected" time="1.042" /><testcase classname="test_new_features.TestLatencyHTTP" name="test_record_and_get_stats" time="1.157" /><testcase classname="test_new_features.TestLatencyHTTP" name="test_record_latency_non_participant" time="1.273" /><testcase classname="test_new_features.TestLatencyWebSocket" name="test_ws_ping_pong_and_report" time="2.708" /><testcase classname="test_new_features.TestLatencyWebSocket" name="test_ws_rejects_non_participant" time="1.419" /><testcase classname="test_new_features.TestLatencyWebSocket" name="test_ws_rejects_bad_token" time="1.090" /></testsuite></testsuites>