<?xml version="1.0" encoding="utf-8"?><testsuites name="pytest tests"><testsuite name="pytest" errors="0" failures="0" skipped="0" tests="24" time="4.554" timestamp="2026-05-29T06:14:02.442406+00:00" hostname="agent-env-0c694f3e-7148-4fa3-a504-ea4527e431b3"><testcase classname="backend.tests.backend_test" name="test_register_and_me" time="1.244" /><testcase classname="backend.tests.backend_test" name="test_unauth_protected" time="0.100" /><testcase classname="backend.tests.backend_test" name="test_login_invalid" time="0.144" /><testcase classname="backend.tests.backend_test" name="test_login_admin" time="0.326" /><testcase classname="backend.tests.backend_test" name="test_create_game_and_list" time="0.099" /><testcase classname="backend.tests.backend_test" name="test_tournament_stake_zero_rejected" time="0.045" /><testcase classname="backend.tests.backend_test" name="test_tournament_stake_negative_rejected" time="0.048" /><testcase classname="backend.tests.backend_test" name="test_create_tournament_success" time="0.065" /><testcase classname="backend.tests.backend_test" name="test_list_tournaments" time="0.044" /><testcase classname="backend.tests.backend_test" name="test_list_tournaments_filtered" time="0.049" /><testcase classname="backend.tests.backend_test" name="test_join_tournament" time="0.047" /><testcase classname="backend.tests.backend_test" name="test_join_tournament_duplicate" time="0.045" /><testcase classname="backend.tests.backend_test" name="test_tournament_details" time="0.050" /><testcase classname="backend.tests.backend_test" name="test_chat_non_participant_forbidden" time="0.057" /><testcase classname="backend.tests.backend_test" name="test_chat_participants_can_post" time="0.149" /><testcase classname="backend.tests.backend_test" name="test_complete_winner_must_be_participant" time="0.044" /><testcase classname="backend.tests.backend_test" name="test_only_creator_can_complete" time="0.047" /><testcase classname="backend.tests.backend_test" name="test_complete_tournament_success" time="0.342" /><testcase classname="backend.tests.backend_test" name="test_complete_already_completed" time="0.049" /><testcase classname="backend.tests.backend_test" name="test_leaderboard" time="0.174" /><testcase classname="backend.tests.backend_test" name="test_wallet_deposit_stripe" time="0.739" /><testcase classname="backend.tests.backend_test" name="test_wallet_status_pending" time="0.285" /><testcase classname="backend.tests.backend_test" name="test_wallet_deposit_invalid" time="0.044" /><testcase classname="backend.tests.backend_test" name="test_wallet_transactions_endpoint" time="0.051" /></testsuite></testsuites>